c:\users\alexa\desktop\openglproject12\x64\debug\vc141.pdb
c:\users\alexa\desktop\openglproject12\x64\debug\vc141.idb
c:\users\alexa\desktop\openglproject12\x64\debug\player.obj
c:\users\alexa\desktop\openglproject12\x64\debug\particlesystem.obj
c:\users\alexa\desktop\openglproject12\x64\debug\particle.obj
c:\users\alexa\desktop\openglproject12\x64\debug\nixhandler.obj
c:\users\alexa\desktop\openglproject12\x64\debug\main.obj
c:\users\alexa\desktop\openglproject12\x64\debug\imgui_widgets.obj
c:\users\alexa\desktop\openglproject12\x64\debug\imgui_impl_win32.obj
c:\users\alexa\desktop\openglproject12\x64\debug\imgui_impl_opengl3.obj
c:\users\alexa\desktop\openglproject12\x64\debug\imgui_impl_glfw.obj
c:\users\alexa\desktop\openglproject12\x64\debug\imgui_draw.obj
c:\users\alexa\desktop\openglproject12\x64\debug\imgui_demo.obj
c:\users\alexa\desktop\openglproject12\x64\debug\imgui.obj
c:\users\alexa\desktop\openglproject12\x64\debug\demo.exe
c:\users\alexa\desktop\openglproject12\x64\debug\demo.ilk
c:\users\alexa\desktop\openglproject12\x64\debug\demo.pdb
c:\users\alexa\desktop\openglproject12\x64\debug\fbxanimations.obj
c:\users\alexa\desktop\openglproject12\x64\debug\groundmodel.obj
c:\users\alexa\desktop\openglproject12\x64\debug\joint.obj
c:\users\alexa\desktop\openglproject12\x64\debug\mesh.obj
c:\users\alexa\desktop\openglproject12\x64\debug\objinporter.obj
c:\users\alexa\desktop\openglproject12\x64\debug\watermodel.obj
c:\users\alexa\desktop\openglproject12\x64\debug\nixlibrary.pdb
c:\users\alexa\desktop\openglproject12\x64\debug\demo.tlog\cl.command.1.tlog
c:\users\alexa\desktop\openglproject12\x64\debug\demo.tlog\cl.read.1.tlog
c:\users\alexa\desktop\openglproject12\x64\debug\demo.tlog\cl.write.1.tlog
c:\users\alexa\desktop\openglproject12\x64\debug\demo.tlog\link.command.1.tlog
c:\users\alexa\desktop\openglproject12\x64\debug\demo.tlog\link.read.1.tlog
c:\users\alexa\desktop\openglproject12\x64\debug\demo.tlog\link.write.1.tlog
